This file contains any messages produced by compilers while
running configure, to aid debugging if configure makes a mistake.

It was created by libisal configure 2.21.0, which was
generated by GNU Autoconf 2.69.  Invocation command line was

  $ ./configure 

## --------- ##
## Platform. ##
## --------- ##

hostname = zryang-HP-Z440-Workstation
uname -m = x86_64
uname -r = 4.15.0-46-generic
uname -s = Linux
uname -v = #49~16.04.1-Ubuntu SMP Tue Feb 12 17:45:24 UTC 2019

/usr/bin/uname -p = unknown
/bin/uname -X     = unknown

/bin/arch              = unknown
/usr/bin/arch -k       = unknown
/usr/convex/getsysinfo = unknown
/usr/bin/hostinfo      = unknown
/bin/machine           = unknown
/usr/bin/oslevel       = unknown
/bin/universe          = unknown

PATH: /home/zryang/bin
PATH: /home/zryang/.local/bin
PATH: /usr/local/sbin
PATH: /usr/local/bin
PATH: /usr/sbin
PATH: /usr/bin
PATH: /sbin
PATH: /bin
PATH: /usr/games
PATH: /usr/local/games
PATH: /snap/bin
PATH: /usr/lib/jvm/java-8-oracle/bin
PATH: /usr/lib/jvm/java-8-oracle/db/bin
PATH: /usr/lib/jvm/java-8-oracle/jre/bin


## ----------- ##
## Core tests. ##
## ----------- ##

configure:2410: checking for a BSD-compatible install
configure:2478: result: /usr/bin/install -c
configure:2489: checking whether build environment is sane
configure:2544: result: yes
configure:2695: checking for a thread-safe mkdir -p
configure:2734: result: /bin/mkdir -p
configure:2741: checking for gawk
configure:2757: found /usr/bin/gawk
configure:2768: result: gawk
configure:2779: checking whether make sets $(MAKE)
configure:2801: result: yes
configure:2830: checking whether make supports nested variables
configure:2847: result: yes
configure:2926: checking how to create a pax tar archive
configure:2937: tar --version
tar (GNU tar) 1.28
Copyright (C) 2014 Free Software Foundation, Inc.
License GPLv3+: GNU GPL version 3 or later <http://gnu.org/licenses/gpl.html>.
This is free software: you are free to change and redistribute it.
There is NO WARRANTY, to the extent permitted by law.

Written by John Gilmore and Jay Fenlason.
configure:2940: $? = 0
configure:2980: tardir=conftest.dir && eval tar --format=posix -chf - "$tardir" >conftest.tar
configure:2983: $? = 0
configure:2987: tar -xf - <conftest.tar
configure:2990: $? = 0
configure:2992: cat conftest.dir/file
GrepMe
configure:2995: $? = 0
configure:3008: result: gnutar
configure:3070: checking for style of include used by make
configure:3098: result: GNU
configure:3169: checking for gcc
configure:3185: found /usr/bin/gcc
configure:3196: result: gcc
configure:3425: checking for C compiler version
configure:3434: gcc --version >&5
gcc (Ubuntu 5.4.0-6ubuntu1~16.04.11) 5.4.0 20160609
Copyright (C) 2015 Free Software Foundation, Inc.
This is free software; see the source for copying conditions.  There is NO
warranty; not even for MERCHANTABILITY or FITNESS FOR A PARTICULAR PURPOSE.

configure:3445: $? = 0
configure:3434: gcc -v >&5
Using built-in specs.
COLLECT_GCC=gcc
COLLECT_LTO_WRAPPER=/usr/lib/gcc/x86_64-linux-gnu/5/lto-wrapper
Target: x86_64-linux-gnu
Configured with: ../src/configure -v --with-pkgversion='Ubuntu 5.4.0-6ubuntu1~16.04.11' --with-bugurl=file:///usr/share/doc/gcc-5/README.Bugs --enable-languages=c,ada,c++,java,go,d,fortran,objc,obj-c++ --prefix=/usr --program-suffix=-5 --enable-shared --enable-linker-build-id --libexecdir=/usr/lib --without-included-gettext --enable-threads=posix --libdir=/usr/lib --enable-nls --with-sysroot=/ --enable-clocale=gnu --enable-libstdcxx-debug --enable-libstdcxx-time=yes --with-default-libstdcxx-abi=new --enable-gnu-unique-object --disable-vtable-verify --enable-libmpx --enable-plugin --with-system-zlib --disable-browser-plugin --enable-java-awt=gtk --enable-gtk-cairo --with-java-home=/usr/lib/jvm/java-1.5.0-gcj-5-amd64/jre --enable-java-home --with-jvm-root-dir=/usr/lib/jvm/java-1.5.0-gcj-5-amd64 --with-jvm-jar-dir=/usr/lib/jvm-exports/java-1.5.0-gcj-5-amd64 --with-arch-directory=amd64 --with-ecj-jar=/usr/share/java/eclipse-ecj.jar --enable-objc-gc --enable-multiarch --disable-werror --with-arch-32=i686 --with-abi=m64 --with-multilib-list=m32,m64,mx32 --enable-multilib --with-tune=generic --enable-checking=release --build=x86_64-linux-gnu --host=x86_64-linux-gnu --target=x86_64-linux-gnu
Thread model: posix
gcc version 5.4.0 20160609 (Ubuntu 5.4.0-6ubuntu1~16.04.11) 
configure:3445: $? = 0
configure:3434: gcc -V >&5
gcc: error: unrecognized command line option '-V'
gcc: fatal error: no input files
compilation terminated.
configure:3445: $? = 1
configure:3434: gcc -qversion >&5
gcc: error: unrecognized command line option '-qversion'
gcc: fatal error: no input files
compilation terminated.
configure:3445: $? = 1
configure:3465: checking whether the C compiler works
configure:3487: gcc    conftest.c  >&5
configure:3491: $? = 0
configure:3539: result: yes
configure:3542: checking for C compiler default output file name
configure:3544: result: a.out
configure:3550: checking for suffix of executables
configure:3557: gcc -o conftest    conftest.c  >&5
configure:3561: $? = 0
configure:3583: result: 
configure:3605: checking whether we are cross compiling
configure:3613: gcc -o conftest    conftest.c  >&5
configure:3617: $? = 0
configure:3624: ./conftest
configure:3628: $? = 0
configure:3643: result: no
configure:3648: checking for suffix of object files
configure:3670: gcc -c   conftest.c >&5
configure:3674: $? = 0
configure:3695: result: o
configure:3699: checking whether we are using the GNU C compiler
configure:3718: gcc -c   conftest.c >&5
configure:3718: $? = 0
configure:3727: result: yes
configure:3736: checking whether gcc accepts -g
configure:3756: gcc -c -g  conftest.c >&5
configure:3756: $? = 0
configure:3797: result: yes
configure:3814: checking for gcc option to accept ISO C89
configure:3877: gcc  -c -g -O2  conftest.c >&5
configure:3877: $? = 0
configure:3890: result: none needed
configure:3915: checking whether gcc understands -c and -o together
configure:3937: gcc -c conftest.c -o conftest2.o
configure:3940: $? = 0
configure:3937: gcc -c conftest.c -o conftest2.o
configure:3940: $? = 0
configure:3952: result: yes
configure:3971: checking dependency style of gcc
configure:4082: result: gcc3
configure:4106: checking dependency style of gcc
configure:4215: result: gcc3
configure:4235: checking build system type
configure:4249: result: x86_64-pc-linux-gnu
configure:4269: checking host system type
configure:4282: result: x86_64-pc-linux-gnu
configure:4343: checking for gcc option to accept ISO C99
configure:4492: gcc  -c -g -O2  conftest.c >&5
configure:4492: $? = 0
configure:4505: result: none needed
configure:4613: checking for gcc option to accept ISO Standard C
configure:4624: result: none needed
configure:4637: checking how to run the C preprocessor
configure:4668: gcc -E  conftest.c
configure:4668: $? = 0
configure:4682: gcc -E  conftest.c
conftest.c:11:28: fatal error: ac_nonexistent.h: No such file or directory
compilation terminated.
configure:4682: $? = 1
configure: failed program was:
| /* confdefs.h */
| #define PACKAGE_NAME "libisal"
| #define PACKAGE_TARNAME "isa-l"
| #define PACKAGE_VERSION "2.21.0"
| #define PACKAGE_STRING "libisal 2.21.0"
| #define PACKAGE_BUGREPORT "sg.support.isal@intel.com"
| #define PACKAGE_URL "http://01.org/storage-acceleration-library"
| #define PACKAGE "isa-l"
| #define VERSION "2.21.0"
| /* end confdefs.h.  */
| #include <ac_nonexistent.h>
configure:4707: result: gcc -E
configure:4727: gcc -E  conftest.c
configure:4727: $? = 0
configure:4741: gcc -E  conftest.c
conftest.c:11:28: fatal error: ac_nonexistent.h: No such file or directory
compilation terminated.
configure:4741: $? = 1
configure: failed program was:
| /* confdefs.h */
| #define PACKAGE_NAME "libisal"
| #define PACKAGE_TARNAME "isa-l"
| #define PACKAGE_VERSION "2.21.0"
| #define PACKAGE_STRING "libisal 2.21.0"
| #define PACKAGE_BUGREPORT "sg.support.isal@intel.com"
| #define PACKAGE_URL "http://01.org/storage-acceleration-library"
| #define PACKAGE "isa-l"
| #define VERSION "2.21.0"
| /* end confdefs.h.  */
| #include <ac_nonexistent.h>
configure:4770: checking for grep that handles long lines and -e
configure:4828: result: /bin/grep
configure:4833: checking for egrep
configure:4895: result: /bin/grep -E
configure:4900: checking for ANSI C header files
configure:4920: gcc -c -g -O2  conftest.c >&5
configure:4920: $? = 0
configure:4993: gcc -o conftest -g -O2   conftest.c  >&5
configure:4993: $? = 0
configure:4993: ./conftest
configure:4993: $? = 0
configure:5004: result: yes
configure:5017: checking for sys/types.h
configure:5017: gcc -c -g -O2  conftest.c >&5
configure:5017: $? = 0
configure:5017: result: yes
configure:5017: checking for sys/stat.h
configure:5017: gcc -c -g -O2  conftest.c >&5
configure:5017: $? = 0
configure:5017: result: yes
configure:5017: checking for stdlib.h
configure:5017: gcc -c -g -O2  conftest.c >&5
configure:5017: $? = 0
configure:5017: result: yes
configure:5017: checking for string.h
configure:5017: gcc -c -g -O2  conftest.c >&5
configure:5017: $? = 0
configure:5017: result: yes
configure:5017: checking for memory.h
configure:5017: gcc -c -g -O2  conftest.c >&5
configure:5017: $? = 0
configure:5017: result: yes
configure:5017: checking for strings.h
configure:5017: gcc -c -g -O2  conftest.c >&5
configure:5017: $? = 0
configure:5017: result: yes
configure:5017: checking for inttypes.h
configure:5017: gcc -c -g -O2  conftest.c >&5
configure:5017: $? = 0
configure:5017: result: yes
configure:5017: checking for stdint.h
configure:5017: gcc -c -g -O2  conftest.c >&5
configure:5017: $? = 0
configure:5017: result: yes
configure:5017: checking for unistd.h
configure:5017: gcc -c -g -O2  conftest.c >&5
configure:5017: $? = 0
configure:5017: result: yes
configure:5030: checking minix/config.h usability
configure:5030: gcc -c -g -O2  conftest.c >&5
conftest.c:54:26: fatal error: minix/config.h: No such file or directory
compilation terminated.
configure:5030: $? = 1
configure: failed program was:
| /* confdefs.h */
| #define PACKAGE_NAME "libisal"
| #define PACKAGE_TARNAME "isa-l"
| #define PACKAGE_VERSION "2.21.0"
| #define PACKAGE_STRING "libisal 2.21.0"
| #define PACKAGE_BUGREPORT "sg.support.isal@intel.com"
| #define PACKAGE_URL "http://01.org/storage-acceleration-library"
| #define PACKAGE "isa-l"
| #define VERSION "2.21.0"
| #define STDC_HEADERS 1
| #define HAVE_SYS_TYPES_H 1
| #define HAVE_SYS_STAT_H 1
| #define HAVE_STDLIB_H 1
| #define HAVE_STRING_H 1
| #define HAVE_MEMORY_H 1
| #define HAVE_STRINGS_H 1
| #define HAVE_INTTYPES_H 1
| #define HAVE_STDINT_H 1
| #define HAVE_UNISTD_H 1
| /* end confdefs.h.  */
| #include <stdio.h>
| #ifdef HAVE_SYS_TYPES_H
| # include <sys/types.h>
| #endif
| #ifdef HAVE_SYS_STAT_H
| # include <sys/stat.h>
| #endif
| #ifdef STDC_HEADERS
| # include <stdlib.h>
| # include <stddef.h>
| #else
| # ifdef HAVE_STDLIB_H
| #  include <stdlib.h>
| # endif
| #endif
| #ifdef HAVE_STRING_H
| # if !defined STDC_HEADERS && defined HAVE_MEMORY_H
| #  include <memory.h>
| # endif
| # include <string.h>
| #endif
| #ifdef HAVE_STRINGS_H
| # include <strings.h>
| #endif
| #ifdef HAVE_INTTYPES_H
| # include <inttypes.h>
| #endif
| #ifdef HAVE_STDINT_H
| # include <stdint.h>
| #endif
| #ifdef HAVE_UNISTD_H
| # include <unistd.h>
| #endif
| #include <minix/config.h>
configure:5030: result: no
configure:5030: checking minix/config.h presence
configure:5030: gcc -E  conftest.c
conftest.c:21:26: fatal error: minix/config.h: No such file or directory
compilation terminated.
configure:5030: $? = 1
configure: failed program was:
| /* confdefs.h */
| #define PACKAGE_NAME "libisal"
| #define PACKAGE_TARNAME "isa-l"
| #define PACKAGE_VERSION "2.21.0"
| #define PACKAGE_STRING "libisal 2.21.0"
| #define PACKAGE_BUGREPORT "sg.support.isal@intel.com"
| #define PACKAGE_URL "http://01.org/storage-acceleration-library"
| #define PACKAGE "isa-l"
| #define VERSION "2.21.0"
| #define STDC_HEADERS 1
| #define HAVE_SYS_TYPES_H 1
| #define HAVE_SYS_STAT_H 1
| #define HAVE_STDLIB_H 1
| #define HAVE_STRING_H 1
| #define HAVE_MEMORY_H 1
| #define HAVE_STRINGS_H 1
| #define HAVE_INTTYPES_H 1
| #define HAVE_STDINT_H 1
| #define HAVE_UNISTD_H 1
| /* end confdefs.h.  */
| #include <minix/config.h>
configure:5030: result: no
configure:5030: checking for minix/config.h
configure:5030: result: no
configure:5051: checking whether it is safe to define __EXTENSIONS__
configure:5069: gcc -c -g -O2  conftest.c >&5
configure:5069: $? = 0
configure:5076: result: yes
configure:5101: checking whether make supports nested variables
configure:5118: result: yes
configure:5175: checking how to print strings
configure:5202: result: printf
configure:5223: checking for a sed that does not truncate output
configure:5287: result: /bin/sed
configure:5305: checking for fgrep
configure:5367: result: /bin/grep -F
configure:5402: checking for ld used by gcc
configure:5469: result: /usr/bin/ld
configure:5476: checking if the linker (/usr/bin/ld) is GNU ld
configure:5491: result: yes
configure:5503: checking for BSD- or MS-compatible name lister (nm)
configure:5557: result: /usr/bin/nm -B
configure:5687: checking the name lister (/usr/bin/nm -B) interface
configure:5694: gcc -c -g -O2  conftest.c >&5
configure:5697: /usr/bin/nm -B "conftest.o"
configure:5700: output
0000000000000000 B some_variable
configure:5707: result: BSD nm
configure:5710: checking whether ln -s works
configure:5714: result: yes
configure:5722: checking the maximum length of command line arguments
configure:5853: result: 1572864
configure:5901: checking how to convert x86_64-pc-linux-gnu file names to x86_64-pc-linux-gnu format
configure:5941: result: func_convert_file_noop
configure:5948: checking how to convert x86_64-pc-linux-gnu file names to toolchain format
configure:5968: result: func_convert_file_noop
configure:5975: checking for /usr/bin/ld option to reload object files
configure:5982: result: -r
configure:6056: checking for objdump
configure:6072: found /usr/bin/objdump
configure:6083: result: objdump
configure:6115: checking how to recognize dependent libraries
configure:6315: result: pass_all
configure:6400: checking for dlltool
configure:6430: result: no
configure:6460: checking how to associate runtime and link libraries
configure:6487: result: printf %s\n
configure:6547: checking for ar
configure:6563: found /usr/bin/ar
configure:6574: result: ar
configure:6611: checking for archiver @FILE support
configure:6628: gcc -c -g -O2  conftest.c >&5
configure:6628: $? = 0
configure:6631: ar cru libconftest.a @conftest.lst >&5
ar: `u' modifier ignored since `D' is the default (see `U')
configure:6634: $? = 0
configure:6639: ar cru libconftest.a @conftest.lst >&5
ar: `u' modifier ignored since `D' is the default (see `U')
ar: conftest.o: No such file or directory
configure:6642: $? = 1
configure:6654: result: @
configure:6712: checking for strip
configure:6728: found /usr/bin/strip
configure:6739: result: strip
configure:6811: checking for ranlib
configure:6827: found /usr/bin/ranlib
configure:6838: result: ranlib
configure:6940: checking command to parse /usr/bin/nm -B output from gcc object
configure:7093: gcc -c -g -O2  conftest.c >&5
configure:7096: $? = 0
configure:7100: /usr/bin/nm -B conftest.o \| sed -n -e 's/^.*[ ]\([ABCDGIRSTW][ABCDGIRSTW]*\)[ ][ ]*\([_A-Za-z][_A-Za-z0-9]*\)$/\1 \2 \2/p' | sed '/ __gnu_lto/d' \> conftest.nm
configure:7103: $? = 0
configure:7169: gcc -o conftest -g -O2   conftest.c conftstm.o >&5
configure:7172: $? = 0
configure:7210: result: ok
configure:7257: checking for sysroot
configure:7287: result: no
configure:7294: checking for a working dd
configure:7332: result: /bin/dd
configure:7336: checking how to truncate binary pipes
configure:7351: result: /bin/dd bs=4096 count=1
configure:7487: gcc -c -g -O2  conftest.c >&5
configure:7490: $? = 0
configure:7680: checking for mt
configure:7696: found /bin/mt
configure:7707: result: mt
configure:7730: checking if mt is a manifest tool
configure:7736: mt '-?'
configure:7744: result: no
configure:8418: checking for dlfcn.h
configure:8418: gcc -c -g -O2  conftest.c >&5
configure:8418: $? = 0
configure:8418: result: yes
configure:8674: checking for objdir
configure:8689: result: .libs
configure:8949: checking if gcc supports -fno-rtti -fno-exceptions
configure:8967: gcc -c -g -O2  -fno-rtti -fno-exceptions conftest.c >&5
cc1: warning: command line option '-fno-rtti' is valid for C++/ObjC++ but not for C
configure:8971: $? = 0
configure:8984: result: no
configure:9342: checking for gcc option to produce PIC
configure:9349: result: -fPIC -DPIC
configure:9357: checking if gcc PIC flag -fPIC -DPIC works
configure:9375: gcc -c -g -O2  -fPIC -DPIC -DPIC conftest.c >&5
configure:9379: $? = 0
configure:9392: result: yes
configure:9421: checking if gcc static flag -static works
configure:9449: result: yes
configure:9464: checking if gcc supports -c -o file.o
configure:9485: gcc -c -g -O2  -o out/conftest2.o conftest.c >&5
configure:9489: $? = 0
configure:9511: result: yes
configure:9519: checking if gcc supports -c -o file.o
configure:9566: result: yes
configure:9599: checking whether the gcc linker (/usr/bin/ld -m elf_x86_64) supports shared libraries
configure:10862: result: yes
configure:10899: checking whether -lc should be explicitly linked in
configure:10907: gcc -c -g -O2  conftest.c >&5
configure:10910: $? = 0
configure:10925: gcc -shared  -fPIC -DPIC conftest.o  -v -Wl,-soname -Wl,conftest -o conftest 2\>\&1 \| /bin/grep  -lc  \>/dev/null 2\>\&1
configure:10928: $? = 0
configure:10942: result: no
configure:11102: checking dynamic linker characteristics
configure:11683: gcc -o conftest -g -O2   -Wl,-rpath -Wl,/foo conftest.c  >&5
configure:11683: $? = 0
configure:11932: result: GNU/Linux ld.so
configure:12054: checking how to hardcode library paths into programs
configure:12079: result: immediate
configure:12627: checking whether stripping libraries is possible
configure:12632: result: yes
configure:12667: checking if libtool supports shared libraries
configure:12669: result: yes
configure:12672: checking whether to build shared libraries
configure:12697: result: yes
configure:12700: checking whether to build static libraries
configure:12704: result: yes
configure:12742: checking for a sed that does not truncate output
configure:12806: result: /bin/sed
configure:12832: checking for yasm
configure:12848: found /usr/bin/yasm
configure:12860: result: yes
configure:12872: checking for modern yasm
configure:12880: result: yes
configure:12882: checking for optional yasm AVX512 support
configure:12893: result: no
configure:12907: checking for nasm
configure:12935: result: no
configure:12944: result: no nasm
configure:13001: result: Assembler does not understand AVX512 opcodes.  Consider upgrading for best performance.
configure:13045: result: Using yasm args target "linux" "-f elf64"
configure:13052: checking limits.h usability
configure:13052: gcc -c -g -O2  conftest.c >&5
configure:13052: $? = 0
configure:13052: result: yes
configure:13052: checking limits.h presence
configure:13052: gcc -E  conftest.c
configure:13052: $? = 0
configure:13052: result: yes
configure:13052: checking for limits.h
configure:13052: result: yes
configure:13052: checking for stdint.h
configure:13052: result: yes
configure:13052: checking for stdlib.h
configure:13052: result: yes
configure:13052: checking for string.h
configure:13052: result: yes
configure:13064: checking for inline
configure:13080: gcc -c -g -O2  conftest.c >&5
configure:13080: $? = 0
configure:13088: result: inline
configure:13106: checking for size_t
configure:13106: gcc -c -g -O2  conftest.c >&5
configure:13106: $? = 0
configure:13106: gcc -c -g -O2  conftest.c >&5
conftest.c: In function 'main':
conftest.c:68:21: error: expected expression before ')' token
 if (sizeof ((size_t)))
                     ^
configure:13106: $? = 1
configure: failed program was:
| /* confdefs.h */
| #define PACKAGE_NAME "libisal"
| #define PACKAGE_TARNAME "isa-l"
| #define PACKAGE_VERSION "2.21.0"
| #define PACKAGE_STRING "libisal 2.21.0"
| #define PACKAGE_BUGREPORT "sg.support.isal@intel.com"
| #define PACKAGE_URL "http://01.org/storage-acceleration-library"
| #define PACKAGE "isa-l"
| #define VERSION "2.21.0"
| #define STDC_HEADERS 1
| #define HAVE_SYS_TYPES_H 1
| #define HAVE_SYS_STAT_H 1
| #define HAVE_STDLIB_H 1
| #define HAVE_STRING_H 1
| #define HAVE_MEMORY_H 1
| #define HAVE_STRINGS_H 1
| #define HAVE_INTTYPES_H 1
| #define HAVE_STDINT_H 1
| #define HAVE_UNISTD_H 1
| #define __EXTENSIONS__ 1
| #define _ALL_SOURCE 1
| #define _GNU_SOURCE 1
| #define _POSIX_PTHREAD_SEMANTICS 1
| #define _TANDEM_SOURCE 1
| #define HAVE_DLFCN_H 1
| #define LT_OBJDIR ".libs/"
| #define HAVE_LIMITS_H 1
| #define HAVE_STDINT_H 1
| #define HAVE_STDLIB_H 1
| #define HAVE_STRING_H 1
| /* end confdefs.h.  */
| #include <stdio.h>
| #ifdef HAVE_SYS_TYPES_H
| # include <sys/types.h>
| #endif
| #ifdef HAVE_SYS_STAT_H
| # include <sys/stat.h>
| #endif
| #ifdef STDC_HEADERS
| # include <stdlib.h>
| # include <stddef.h>
| #else
| # ifdef HAVE_STDLIB_H
| #  include <stdlib.h>
| # endif
| #endif
| #ifdef HAVE_STRING_H
| # if !defined STDC_HEADERS && defined HAVE_MEMORY_H
| #  include <memory.h>
| # endif
| # include <string.h>
| #endif
| #ifdef HAVE_STRINGS_H
| # include <strings.h>
| #endif
| #ifdef HAVE_INTTYPES_H
| # include <inttypes.h>
| #endif
| #ifdef HAVE_STDINT_H
| # include <stdint.h>
| #endif
| #ifdef HAVE_UNISTD_H
| # include <unistd.h>
| #endif
| int
| main ()
| {
| if (sizeof ((size_t)))
| 	    return 0;
|   ;
|   return 0;
| }
configure:13106: result: yes
configure:13117: checking for uint16_t
configure:13117: gcc -c -g -O2  conftest.c >&5
configure:13117: $? = 0
configure:13117: result: yes
configure:13129: checking for uint32_t
configure:13129: gcc -c -g -O2  conftest.c >&5
configure:13129: $? = 0
configure:13129: result: yes
configure:13143: checking for uint64_t
configure:13143: gcc -c -g -O2  conftest.c >&5
configure:13143: $? = 0
configure:13143: result: yes
configure:13157: checking for uint8_t
configure:13157: gcc -c -g -O2  conftest.c >&5
configure:13157: $? = 0
configure:13157: result: yes
configure:13175: checking for stdlib.h
configure:13175: result: yes
configure:13185: checking for GNU libc compatible malloc
configure:13209: gcc -o conftest -g -O2   conftest.c  >&5
configure:13209: $? = 0
configure:13209: ./conftest
configure:13209: $? = 0
configure:13219: result: yes
configure:13243: checking for memmove
configure:13243: gcc -o conftest -g -O2   conftest.c  >&5
conftest.c:57:6: warning: conflicting types for built-in function 'memmove'
 char memmove ();
      ^
configure:13243: $? = 0
configure:13243: result: yes
configure:13243: checking for memset
configure:13243: gcc -o conftest -g -O2   conftest.c  >&5
conftest.c:58:6: warning: conflicting types for built-in function 'memset'
 char memset ();
      ^
configure:13243: $? = 0
configure:13243: result: yes
configure:13413: checking that generated files are newer than configure
configure:13419: result: done
configure:13474: creating ./config.status

## ---------------------- ##
## Running config.status. ##
## ---------------------- ##

This file was extended by libisal config.status 2.21.0, which was
generated by GNU Autoconf 2.69.  Invocation command line was

  CONFIG_FILES    = 
  CONFIG_HEADERS  = 
  CONFIG_LINKS    = 
  CONFIG_COMMANDS = 
  $ ./config.status 

on zryang-HP-Z440-Workstation

config.status:1033: creating Makefile
config.status:1033: creating libisal.pc
config.status:1205: executing depfiles commands
config.status:1205: executing libtool commands
configure:15446: result:
        isa-l 2.21.0
        =====

        prefix:                 /usr
        sysconfdir:             ${prefix}/etc
        libdir:                 ${exec_prefix}/lib
        includedir:             ${prefix}/include

        compiler:               gcc
        cflags:                 -g -O2
        ldflags:                

        debug:                  no


## ---------------- ##
## Cache variables. ##
## ---------------- ##

ac_cv_build=x86_64-pc-linux-gnu
ac_cv_c_compiler_gnu=yes
ac_cv_c_inline=inline
ac_cv_c_uint16_t=yes
ac_cv_c_uint32_t=yes
ac_cv_c_uint64_t=yes
ac_cv_c_uint8_t=yes
ac_cv_env_CCASFLAGS_set=
ac_cv_env_CCASFLAGS_value=
ac_cv_env_CCAS_set=
ac_cv_env_CCAS_value=
ac_cv_env_CC_set=
ac_cv_env_CC_value=
ac_cv_env_CFLAGS_set=
ac_cv_env_CFLAGS_value=
ac_cv_env_CPPFLAGS_set=
ac_cv_env_CPPFLAGS_value=
ac_cv_env_CPP_set=
ac_cv_env_CPP_value=
ac_cv_env_LDFLAGS_set=
ac_cv_env_LDFLAGS_value=
ac_cv_env_LIBS_set=
ac_cv_env_LIBS_value=
ac_cv_env_LT_SYS_LIBRARY_PATH_set=
ac_cv_env_LT_SYS_LIBRARY_PATH_value=
ac_cv_env_build_alias_set=
ac_cv_env_build_alias_value=
ac_cv_env_host_alias_set=
ac_cv_env_host_alias_value=
ac_cv_env_target_alias_set=
ac_cv_env_target_alias_value=
ac_cv_func_malloc_0_nonnull=yes
ac_cv_func_memmove=yes
ac_cv_func_memset=yes
ac_cv_header_dlfcn_h=yes
ac_cv_header_inttypes_h=yes
ac_cv_header_limits_h=yes
ac_cv_header_memory_h=yes
ac_cv_header_minix_config_h=no
ac_cv_header_stdc=yes
ac_cv_header_stdint_h=yes
ac_cv_header_stdlib_h=yes
ac_cv_header_string_h=yes
ac_cv_header_strings_h=yes
ac_cv_header_sys_stat_h=yes
ac_cv_header_sys_types_h=yes
ac_cv_header_unistd_h=yes
ac_cv_host=x86_64-pc-linux-gnu
ac_cv_objext=o
ac_cv_path_EGREP='/bin/grep -E'
ac_cv_path_FGREP='/bin/grep -F'
ac_cv_path_GREP=/bin/grep
ac_cv_path_SED=/bin/sed
ac_cv_path_install='/usr/bin/install -c'
ac_cv_path_lt_DD=/bin/dd
ac_cv_path_mkdir=/bin/mkdir
ac_cv_prog_AWK=gawk
ac_cv_prog_CPP='gcc -E'
ac_cv_prog_HAVE_NASM=no
ac_cv_prog_HAVE_YASM=yes
ac_cv_prog_ac_ct_AR=ar
ac_cv_prog_ac_ct_CC=gcc
ac_cv_prog_ac_ct_MANIFEST_TOOL=mt
ac_cv_prog_ac_ct_OBJDUMP=objdump
ac_cv_prog_ac_ct_RANLIB=ranlib
ac_cv_prog_ac_ct_STRIP=strip
ac_cv_prog_cc_c89=
ac_cv_prog_cc_c99=
ac_cv_prog_cc_g=yes
ac_cv_prog_cc_stdc=
ac_cv_prog_make_make_set=yes
ac_cv_safe_to_define___extensions__=yes
ac_cv_type_size_t=yes
am_cv_CCAS_dependencies_compiler_type=gcc3
am_cv_CC_dependencies_compiler_type=gcc3
am_cv_make_support_nested_variables=yes
am_cv_prog_cc_c_o=yes
am_cv_prog_tar_pax=gnutar
lt_cv_ar_at_file=@
lt_cv_archive_cmds_need_lc=no
lt_cv_deplibs_check_method=pass_all
lt_cv_file_magic_cmd='$MAGIC_CMD'
lt_cv_file_magic_test_file=
lt_cv_ld_reload_flag=-r
lt_cv_nm_interface='BSD nm'
lt_cv_objdir=.libs
lt_cv_path_LD=/usr/bin/ld
lt_cv_path_NM='/usr/bin/nm -B'
lt_cv_path_mainfest_tool=no
lt_cv_prog_compiler_c_o=yes
lt_cv_prog_compiler_pic='-fPIC -DPIC'
lt_cv_prog_compiler_pic_works=yes
lt_cv_prog_compiler_rtti_exceptions=no
lt_cv_prog_compiler_static_works=yes
lt_cv_prog_gnu_ld=yes
lt_cv_sharedlib_from_linklib_cmd='printf %s\n'
lt_cv_shlibpath_overrides_runpath=no
lt_cv_sys_global_symbol_pipe='sed -n -e '\''s/^.*[	 ]\([ABCDGIRSTW][ABCDGIRSTW]*\)[	 ][	 ]*\([_A-Za-z][_A-Za-z0-9]*\)$/\1 \2 \2/p'\'' | sed '\''/ __gnu_lto/d'\'''
lt_cv_sys_global_symbol_to_c_name_address='sed -n -e '\''s/^: \(.*\) .*$/  {"\1", (void *) 0},/p'\'' -e '\''s/^[ABCDGIRSTW][ABCDGIRSTW]* .* \(.*\)$/  {"\1", (void *) \&\1},/p'\'''
lt_cv_sys_global_symbol_to_c_name_address_lib_prefix='sed -n -e '\''s/^: \(.*\) .*$/  {"\1", (void *) 0},/p'\'' -e '\''s/^[ABCDGIRSTW][ABCDGIRSTW]* .* \(lib.*\)$/  {"\1", (void *) \&\1},/p'\'' -e '\''s/^[ABCDGIRSTW][ABCDGIRSTW]* .* \(.*\)$/  {"lib\1", (void *) \&\1},/p'\'''
lt_cv_sys_global_symbol_to_cdecl='sed -n -e '\''s/^T .* \(.*\)$/extern int \1();/p'\'' -e '\''s/^[ABCDGIRSTW][ABCDGIRSTW]* .* \(.*\)$/extern char \1;/p'\'''
lt_cv_sys_global_symbol_to_import=
lt_cv_sys_max_cmd_len=1572864
lt_cv_to_host_file_cmd=func_convert_file_noop
lt_cv_to_tool_file_cmd=func_convert_file_noop
lt_cv_truncate_bin='/bin/dd bs=4096 count=1'

## ----------------- ##
## Output variables. ##
## ----------------- ##

ACLOCAL='${SHELL} /home/zryang/isa-l-2.21.0/build-aux/missing aclocal-1.15'
AMDEPBACKSLASH='\'
AMDEP_FALSE='#'
AMDEP_TRUE=''
AMTAR='$${TAR-tar}'
AM_BACKSLASH='\'
AM_DEFAULT_V='$(AM_DEFAULT_VERBOSITY)'
AM_DEFAULT_VERBOSITY='0'
AM_V='$(V)'
AR='ar'
AUTOCONF='${SHELL} /home/zryang/isa-l-2.21.0/build-aux/missing autoconf'
AUTOHEADER='${SHELL} /home/zryang/isa-l-2.21.0/build-aux/missing autoheader'
AUTOMAKE='${SHELL} /home/zryang/isa-l-2.21.0/build-aux/missing automake-1.15'
AWK='gawk'
CC='gcc'
CCAS='gcc'
CCASDEPMODE='depmode=gcc3'
CCASFLAGS='-g -O2'
CCDEPMODE='depmode=gcc3'
CFLAGS='-g -O2'
CPP='gcc -E'
CPPFLAGS=''
CPU_UNDEFINED_FALSE=''
CPU_UNDEFINED_TRUE='#'
CPU_X86_32_FALSE=''
CPU_X86_32_TRUE='#'
CPU_X86_64_FALSE='#'
CPU_X86_64_TRUE=''
CYGPATH_W='echo'
DARWIN_FALSE=''
DARWIN_TRUE='#'
DEFS='-DPACKAGE_NAME=\"libisal\" -DPACKAGE_TARNAME=\"isa-l\" -DPACKAGE_VERSION=\"2.21.0\" -DPACKAGE_STRING=\"libisal\ 2.21.0\" -DPACKAGE_BUGREPORT=\"sg.support.isal@intel.com\" -DPACKAGE_URL=\"http://01.org/storage-acceleration-library\" -DPACKAGE=\"isa-l\" -DVERSION=\"2.21.0\" -DSTDC_HEADERS=1 -DHAVE_SYS_TYPES_H=1 -DHAVE_SYS_STAT_H=1 -DHAVE_STDLIB_H=1 -DHAVE_STRING_H=1 -DHAVE_MEMORY_H=1 -DHAVE_STRINGS_H=1 -DHAVE_INTTYPES_H=1 -DHAVE_STDINT_H=1 -DHAVE_UNISTD_H=1 -D__EXTENSIONS__=1 -D_ALL_SOURCE=1 -D_GNU_SOURCE=1 -D_POSIX_PTHREAD_SEMANTICS=1 -D_TANDEM_SOURCE=1 -DHAVE_DLFCN_H=1 -DLT_OBJDIR=\".libs/\" -DHAVE_LIMITS_H=1 -DHAVE_STDINT_H=1 -DHAVE_STDLIB_H=1 -DHAVE_STRING_H=1 -DHAVE_STDLIB_H=1 -DHAVE_MALLOC=1 -DHAVE_MEMMOVE=1 -DHAVE_MEMSET=1'
DEPDIR='.deps'
DLLTOOL='false'
DSYMUTIL=''
DUMPBIN=''
ECHO_C=''
ECHO_N='-n'
ECHO_T=''
EGREP='/bin/grep -E'
EXEEXT=''
FGREP='/bin/grep -F'
GREP='/bin/grep'
HAVE_NASM='no'
HAVE_YASM='yes'
INSTALL_DATA='${INSTALL} -m 644'
INSTALL_PROGRAM='${INSTALL}'
INSTALL_SCRIPT='${INSTALL}'
INSTALL_STRIP_PROGRAM='$(install_sh) -c -s'
LD='/usr/bin/ld -m elf_x86_64'
LDFLAGS=''
LIBOBJS=''
LIBS=''
LIBTOOL='$(SHELL) $(top_builddir)/libtool'
LIPO=''
LN_S='ln -s'
LTLIBOBJS=''
LT_SYS_LIBRARY_PATH=''
MAKEINFO='${SHELL} /home/zryang/isa-l-2.21.0/build-aux/missing makeinfo'
MANIFEST_TOOL=':'
MKDIR_P='/bin/mkdir -p'
NM='/usr/bin/nm -B'
NMEDIT=''
OBJDUMP='objdump'
OBJEXT='o'
OTOOL64=''
OTOOL=''
PACKAGE='isa-l'
PACKAGE_BUGREPORT='sg.support.isal@intel.com'
PACKAGE_NAME='libisal'
PACKAGE_STRING='libisal 2.21.0'
PACKAGE_TARNAME='isa-l'
PACKAGE_URL='http://01.org/storage-acceleration-library'
PACKAGE_VERSION='2.21.0'
PATH_SEPARATOR=':'
RANLIB='ranlib'
SED='/bin/sed'
SET_MAKE=''
SHELL='/bin/bash'
STRIP='strip'
USE_NASM_FALSE=''
USE_NASM_TRUE='#'
USE_YASM_FALSE='#'
USE_YASM_TRUE=''
VERSION='2.21.0'
WITH_AVX512_FALSE=''
WITH_AVX512_TRUE='#'
ac_ct_AR='ar'
ac_ct_CC='gcc'
ac_ct_DUMPBIN=''
am__EXEEXT_FALSE=''
am__EXEEXT_TRUE='#'
am__fastdepCCAS_FALSE='#'
am__fastdepCCAS_TRUE=''
am__fastdepCC_FALSE='#'
am__fastdepCC_TRUE=''
am__include='include'
am__isrc=''
am__leading_dot='.'
am__nodep='_no'
am__quote=''
am__tar='tar --format=posix -chf - "$$tardir"'
am__untar='tar -xf -'
bindir='${exec_prefix}/bin'
build='x86_64-pc-linux-gnu'
build_alias=''
build_cpu='x86_64'
build_os='linux-gnu'
build_vendor='pc'
datadir='${datarootdir}'
datarootdir='${prefix}/share'
docdir='${datarootdir}/doc/${PACKAGE_TARNAME}'
dvidir='${docdir}'
exec_prefix='${prefix}'
host='x86_64-pc-linux-gnu'
host_alias=''
host_cpu='x86_64'
host_os='linux-gnu'
host_vendor='pc'
htmldir='${docdir}'
includedir='${prefix}/include'
infodir='${datarootdir}/info'
install_sh='${SHELL} /home/zryang/isa-l-2.21.0/build-aux/install-sh'
libdir='${exec_prefix}/lib'
libexecdir='${exec_prefix}/libexec'
localedir='${datarootdir}/locale'
localstatedir='${prefix}/var'
mandir='${datarootdir}/man'
mkdir_p='$(MKDIR_P)'
my_CFLAGS='-Wall -Wchar-subscripts -Wformat-security -Wnested-externs -Wpointer-arith -Wshadow -Wstrict-prototypes -Wtype-limits '
oldincludedir='/usr/include'
pdfdir='${docdir}'
prefix='/usr'
program_transform_name='s,x,x,'
psdir='${docdir}'
runstatedir='${localstatedir}/run'
sbindir='${exec_prefix}/sbin'
sharedstatedir='${prefix}/com'
sysconfdir='${prefix}/etc'
target_alias=''
yasm_args='-f elf64'

## ----------- ##
## confdefs.h. ##
## ----------- ##

/* confdefs.h */
#define PACKAGE_NAME "libisal"
#define PACKAGE_TARNAME "isa-l"
#define PACKAGE_VERSION "2.21.0"
#define PACKAGE_STRING "libisal 2.21.0"
#define PACKAGE_BUGREPORT "sg.support.isal@intel.com"
#define PACKAGE_URL "http://01.org/storage-acceleration-library"
#define PACKAGE "isa-l"
#define VERSION "2.21.0"
#define STDC_HEADERS 1
#define HAVE_SYS_TYPES_H 1
#define HAVE_SYS_STAT_H 1
#define HAVE_STDLIB_H 1
#define HAVE_STRING_H 1
#define HAVE_MEMORY_H 1
#define HAVE_STRINGS_H 1
#define HAVE_INTTYPES_H 1
#define HAVE_STDINT_H 1
#define HAVE_UNISTD_H 1
#define __EXTENSIONS__ 1
#define _ALL_SOURCE 1
#define _GNU_SOURCE 1
#define _POSIX_PTHREAD_SEMANTICS 1
#define _TANDEM_SOURCE 1
#define HAVE_DLFCN_H 1
#define LT_OBJDIR ".libs/"
#define HAVE_LIMITS_H 1
#define HAVE_STDINT_H 1
#define HAVE_STDLIB_H 1
#define HAVE_STRING_H 1
#define HAVE_STDLIB_H 1
#define HAVE_MALLOC 1
#define HAVE_MEMMOVE 1
#define HAVE_MEMSET 1

configure: exit 0
